<?xml version="1.0" encoding="UTF-8"?>
<coverage generated="1750466714011" clover="3.2.0">
  <project timestamp="1750466714011" name="All files">
    <metrics statements="77" coveredstatements="77" conditionals="32" coveredconditionals="30" methods="25" coveredmethods="25" elements="134" coveredelements="132" complexity="0" loc="77" ncloc="77" packages="1" files="5" classes="5"/>
    <file name="01_return.js" path="/Users/latti/Desktop/Codeboxx/RocketElevatorsDigitalPresence/JSexercises/Basic_JS_Exercises/practice/01_return.js">
      <metrics statements="10" coveredstatements="10" conditionals="0" coveredconditionals="0" methods="5" coveredmethods="5"/>
      <line num="5" count="1" type="stmt"/>
      <line num="11" count="2" type="stmt"/>
      <line num="12" count="2" type="stmt"/>
      <line num="18" count="2" type="stmt"/>
      <line num="19" count="2" type="stmt"/>
      <line num="25" count="2" type="stmt"/>
      <line num="26" count="2" type="stmt"/>
      <line num="32" count="2" type="stmt"/>
      <line num="33" count="2" type="stmt"/>
      <line num="37" count="1" type="stmt"/>
    </file>
    <file name="02_function_parameters.js" path="/Users/latti/Desktop/Codeboxx/RocketElevatorsDigitalPresence/JSexercises/Basic_JS_Exercises/practice/02_function_parameters.js">
      <metrics statements="5" coveredstatements="5" conditionals="0" coveredconditionals="0" methods="4" coveredmethods="4"/>
      <line num="5" count="3" type="stmt"/>
      <line num="11" count="3" type="stmt"/>
      <line num="17" count="2" type="stmt"/>
      <line num="23" count="2" type="stmt"/>
      <line num="28" count="1" type="stmt"/>
    </file>
    <file name="03_if_statements.js" path="/Users/latti/Desktop/Codeboxx/RocketElevatorsDigitalPresence/JSexercises/Basic_JS_Exercises/practice/03_if_statements.js">
      <metrics statements="21" coveredstatements="21" conditionals="26" coveredconditionals="24" methods="4" coveredmethods="4"/>
      <line num="8" count="4" type="cond" truecount="2" falsecount="0"/>
      <line num="9" count="2" type="stmt"/>
      <line num="12" count="2" type="stmt"/>
      <line num="21" count="4" type="cond" truecount="2" falsecount="0"/>
      <line num="22" count="2" type="stmt"/>
      <line num="24" count="2" type="stmt"/>
      <line num="35" count="8" type="cond" truecount="2" falsecount="0"/>
      <line num="36" count="2" type="stmt"/>
      <line num="37" count="6" type="cond" truecount="2" falsecount="0"/>
      <line num="38" count="1" type="stmt"/>
      <line num="39" count="5" type="cond" truecount="4" falsecount="0"/>
      <line num="40" count="2" type="stmt"/>
      <line num="41" count="3" type="cond" truecount="1" falsecount="1"/>
      <line num="42" count="3" type="stmt"/>
      <line num="52" count="7" type="cond" truecount="6" falsecount="0"/>
      <line num="53" count="4" type="stmt"/>
      <line num="54" count="3" type="cond" truecount="2" falsecount="0"/>
      <line num="55" count="1" type="stmt"/>
      <line num="56" count="2" type="cond" truecount="3" falsecount="1"/>
      <line num="57" count="2" type="stmt"/>
      <line num="65" count="1" type="stmt"/>
    </file>
    <file name="04_variables.js" path="/Users/latti/Desktop/Codeboxx/RocketElevatorsDigitalPresence/JSexercises/Basic_JS_Exercises/practice/04_variables.js">
      <metrics statements="6" coveredstatements="6" conditionals="0" coveredconditionals="0" methods="1" coveredmethods="1"/>
      <line num="2" count="1" type="stmt"/>
      <line num="7" count="1" type="stmt"/>
      <line num="16" count="1" type="stmt"/>
      <line num="17" count="1" type="stmt"/>
      <line num="29" count="1" type="stmt"/>
      <line num="40" count="1" type="stmt"/>
    </file>
    <file name="05_arrays_and_loops.js" path="/Users/latti/Desktop/Codeboxx/RocketElevatorsDigitalPresence/JSexercises/Basic_JS_Exercises/practice/05_arrays_and_loops.js">
      <metrics statements="35" coveredstatements="35" conditionals="6" coveredconditionals="6" methods="11" coveredmethods="11"/>
      <line num="7" count="3" type="stmt"/>
      <line num="15" count="3" type="stmt"/>
      <line num="24" count="3" type="stmt"/>
      <line num="32" count="2" type="stmt"/>
      <line num="33" count="2" type="stmt"/>
      <line num="34" count="15" type="stmt"/>
      <line num="36" count="2" type="stmt"/>
      <line num="44" count="2" type="stmt"/>
      <line num="45" count="2" type="stmt"/>
      <line num="46" count="13" type="cond" truecount="2" falsecount="0"/>
      <line num="47" count="5" type="stmt"/>
      <line num="50" count="2" type="stmt"/>
      <line num="58" count="2" type="stmt"/>
      <line num="59" count="2" type="stmt"/>
      <line num="60" count="15" type="stmt"/>
      <line num="62" count="2" type="stmt"/>
      <line num="70" count="2" type="stmt"/>
      <line num="71" count="2" type="stmt"/>
      <line num="72" count="15" type="cond" truecount="2" falsecount="0"/>
      <line num="73" count="5" type="stmt"/>
      <line num="76" count="2" type="stmt"/>
      <line num="84" count="2" type="stmt"/>
      <line num="85" count="2" type="stmt"/>
      <line num="86" count="2" type="stmt"/>
      <line num="87" count="15" type="stmt"/>
      <line num="88" count="15" type="stmt"/>
      <line num="90" count="2" type="stmt"/>
      <line num="98" count="2" type="stmt"/>
      <line num="99" count="2" type="stmt"/>
      <line num="100" count="2" type="stmt"/>
      <line num="101" count="13" type="cond" truecount="2" falsecount="0"/>
      <line num="102" count="5" type="stmt"/>
      <line num="104" count="13" type="stmt"/>
      <line num="106" count="2" type="stmt"/>
      <line num="110" count="1" type="stmt"/>
    </file>
  </project>
</coverage>
