{"/Users/latti/Desktop/Codeboxx/RocketElevatorsDigitalPresence/JSexercises/Basic_JS_Exercises/practice/01_return.js": {"path":"/Users/latti/Desktop/Codeboxx/RocketElevatorsDigitalPresence/JSexercises/Basic_JS_Exercises/practice/01_return.js","statementMap":{"0":{"start":{"line":5,"column":4},"end":{"line":5,"column":25}},"1":{"start":{"line":11,"column":17},"end":{"line":11,"column":22}},"2":{"start":{"line":12,"column":4},"end":{"line":12,"column":18}},"3":{"start":{"line":18,"column":17},"end":{"line":18,"column":21}},"4":{"start":{"line":19,"column":4},"end":{"line":19,"column":29}},"5":{"start":{"line":25,"column":17},"end":{"line":25,"column":22}},"6":{"start":{"line":26,"column":4},"end":{"line":26,"column":18}},"7":{"start":{"line":32,"column":17},"end":{"line":32,"column":22}},"8":{"start":{"line":33,"column":4},"end":{"line":33,"column":18}},"9":{"start":{"line":37,"column":0},"end":{"line":37,"column":57}}},"fnMap":{"0":{"name":"hello","decl":{"start":{"line":4,"column":9},"end":{"line":4,"column":14}},"loc":{"start":{"line":4,"column":16},"end":{"line":6,"column":1}},"line":4},"1":{"name":"sum","decl":{"start":{"line":10,"column":9},"end":{"line":10,"column":12}},"loc":{"start":{"line":10,"column":18},"end":{"line":13,"column":1}},"line":10},"2":{"name":"helloPerson","decl":{"start":{"line":17,"column":9},"end":{"line":17,"column":20}},"loc":{"start":{"line":17,"column":26},"end":{"line":20,"column":1}},"line":17},"3":{"name":"minus","decl":{"start":{"line":24,"column":9},"end":{"line":24,"column":14}},"loc":{"start":{"line":24,"column":20},"end":{"line":27,"column":1}},"line":24},"4":{"name":"divide","decl":{"start":{"line":31,"column":9},"end":{"line":31,"column":15}},"loc":{"start":{"line":31,"column":21},"end":{"line":34,"column":1}},"line":31}},"branchMap":{},"s":{"0":1,"1":2,"2":2,"3":2,"4":2,"5":2,"6":2,"7":2,"8":2,"9":1},"f":{"0":1,"1":2,"2":2,"3":2,"4":2},"b":{},"_coverageSchema":"1a1c01bbd47fc00a2c39e90264f33305004495a9","hash":"ff7a29ebcf059cdec63f495874724a8d3629664f"}
,"/Users/latti/Desktop/Codeboxx/RocketElevatorsDigitalPresence/JSexercises/Basic_JS_Exercises/practice/02_function_parameters.js": {"path":"/Users/latti/Desktop/Codeboxx/RocketElevatorsDigitalPresence/JSexercises/Basic_JS_Exercises/practice/02_function_parameters.js","statementMap":{"0":{"start":{"line":5,"column":4},"end":{"line":5,"column":18}},"1":{"start":{"line":11,"column":4},"end":{"line":11,"column":17}},"2":{"start":{"line":17,"column":4},"end":{"line":17,"column":30}},"3":{"start":{"line":23,"column":4},"end":{"line":23,"column":18}},"4":{"start":{"line":28,"column":0},"end":{"line":28,"column":49}}},"fnMap":{"0":{"name":"double","decl":{"start":{"line":4,"column":9},"end":{"line":4,"column":15}},"loc":{"start":{"line":4,"column":20},"end":{"line":6,"column":1}},"line":4},"1":{"name":"multiply","decl":{"start":{"line":10,"column":9},"end":{"line":10,"column":17}},"loc":{"start":{"line":10,"column":22},"end":{"line":12,"column":1}},"line":10},"2":{"name":"shout","decl":{"start":{"line":16,"column":9},"end":{"line":16,"column":14}},"loc":{"start":{"line":16,"column":20},"end":{"line":18,"column":1}},"line":16},"3":{"name":"first","decl":{"start":{"line":22,"column":9},"end":{"line":22,"column":14}},"loc":{"start":{"line":22,"column":19},"end":{"line":24,"column":1}},"line":22}},"branchMap":{},"s":{"0":3,"1":3,"2":2,"3":2,"4":1},"f":{"0":3,"1":3,"2":2,"3":2},"b":{},"_coverageSchema":"1a1c01bbd47fc00a2c39e90264f33305004495a9","hash":"2859e0503f4536122487fb988d77bd7b68815deb"}
,"/Users/latti/Desktop/Codeboxx/RocketElevatorsDigitalPresence/JSexercises/Basic_JS_Exercises/practice/03_if_statements.js": {"path":"/Users/latti/Desktop/Codeboxx/RocketElevatorsDigitalPresence/JSexercises/Basic_JS_Exercises/practice/03_if_statements.js","statementMap":{"0":{"start":{"line":8,"column":4},"end":{"line":14,"column":5}},"1":{"start":{"line":9,"column":8},"end":{"line":9,"column":22}},"2":{"start":{"line":12,"column":8},"end":{"line":12,"column":23}},"3":{"start":{"line":21,"column":4},"end":{"line":25,"column":5}},"4":{"start":{"line":22,"column":8},"end":{"line":22,"column":26}},"5":{"start":{"line":24,"column":8},"end":{"line":24,"column":28}},"6":{"start":{"line":35,"column":4},"end":{"line":43,"column":5}},"7":{"start":{"line":36,"column":8},"end":{"line":36,"column":28}},"8":{"start":{"line":37,"column":11},"end":{"line":43,"column":5}},"9":{"start":{"line":38,"column":8},"end":{"line":38,"column":33}},"10":{"start":{"line":39,"column":11},"end":{"line":43,"column":5}},"11":{"start":{"line":40,"column":8},"end":{"line":40,"column":38}},"12":{"start":{"line":41,"column":11},"end":{"line":43,"column":5}},"13":{"start":{"line":42,"column":8},"end":{"line":42,"column":35}},"14":{"start":{"line":52,"column":4},"end":{"line":58,"column":5}},"15":{"start":{"line":53,"column":8},"end":{"line":53,"column":25}},"16":{"start":{"line":54,"column":11},"end":{"line":58,"column":5}},"17":{"start":{"line":55,"column":8},"end":{"line":55,"column":32}},"18":{"start":{"line":56,"column":11},"end":{"line":58,"column":5}},"19":{"start":{"line":57,"column":8},"end":{"line":57,"column":25}},"20":{"start":{"line":65,"column":0},"end":{"line":65,"column":52}}},"fnMap":{"0":{"name":"canDrink","decl":{"start":{"line":7,"column":9},"end":{"line":7,"column":17}},"loc":{"start":{"line":7,"column":22},"end":{"line":15,"column":1}},"line":7},"1":{"name":"canVote","decl":{"start":{"line":20,"column":9},"end":{"line":20,"column":16}},"loc":{"start":{"line":20,"column":21},"end":{"line":27,"column":1}},"line":20},"2":{"name":"canDrive","decl":{"start":{"line":34,"column":9},"end":{"line":34,"column":17}},"loc":{"start":{"line":34,"column":22},"end":{"line":45,"column":1}},"line":34},"3":{"name":"week","decl":{"start":{"line":51,"column":9},"end":{"line":51,"column":13}},"loc":{"start":{"line":51,"column":18},"end":{"line":59,"column":1}},"line":51}},"branchMap":{"0":{"loc":{"start":{"line":8,"column":4},"end":{"line":14,"column":5}},"type":"if","locations":[{"start":{"line":8,"column":4},"end":{"line":14,"column":5}},{"start":{"line":11,"column":11},"end":{"line":14,"column":5}}],"line":8},"1":{"loc":{"start":{"line":21,"column":4},"end":{"line":25,"column":5}},"type":"if","locations":[{"start":{"line":21,"column":4},"end":{"line":25,"column":5}},{"start":{"line":23,"column":11},"end":{"line":25,"column":5}}],"line":21},"2":{"loc":{"start":{"line":35,"column":4},"end":{"line":43,"column":5}},"type":"if","locations":[{"start":{"line":35,"column":4},"end":{"line":43,"column":5}},{"start":{"line":37,"column":11},"end":{"line":43,"column":5}}],"line":35},"3":{"loc":{"start":{"line":37,"column":11},"end":{"line":43,"column":5}},"type":"if","locations":[{"start":{"line":37,"column":11},"end":{"line":43,"column":5}},{"start":{"line":39,"column":11},"end":{"line":43,"column":5}}],"line":37},"4":{"loc":{"start":{"line":39,"column":11},"end":{"line":43,"column":5}},"type":"if","locations":[{"start":{"line":39,"column":11},"end":{"line":43,"column":5}},{"start":{"line":41,"column":11},"end":{"line":43,"column":5}}],"line":39},"5":{"loc":{"start":{"line":39,"column":15},"end":{"line":39,"column":39}},"type":"binary-expr","locations":[{"start":{"line":39,"column":15},"end":{"line":39,"column":25}},{"start":{"line":39,"column":29},"end":{"line":39,"column":39}}],"line":39},"6":{"loc":{"start":{"line":41,"column":11},"end":{"line":43,"column":5}},"type":"if","locations":[{"start":{"line":41,"column":11},"end":{"line":43,"column":5}},{"start":{},"end":{}}],"line":41},"7":{"loc":{"start":{"line":52,"column":4},"end":{"line":58,"column":5}},"type":"if","locations":[{"start":{"line":52,"column":4},"end":{"line":58,"column":5}},{"start":{"line":54,"column":11},"end":{"line":58,"column":5}}],"line":52},"8":{"loc":{"start":{"line":52,"column":8},"end":{"line":52,"column":90}},"type":"binary-expr","locations":[{"start":{"line":52,"column":8},"end":{"line":52,"column":24}},{"start":{"line":52,"column":28},"end":{"line":52,"column":45}},{"start":{"line":52,"column":49},"end":{"line":52,"column":68}},{"start":{"line":52,"column":72},"end":{"line":52,"column":90}}],"line":52},"9":{"loc":{"start":{"line":54,"column":11},"end":{"line":58,"column":5}},"type":"if","locations":[{"start":{"line":54,"column":11},"end":{"line":58,"column":5}},{"start":{"line":56,"column":11},"end":{"line":58,"column":5}}],"line":54},"10":{"loc":{"start":{"line":56,"column":11},"end":{"line":58,"column":5}},"type":"if","locations":[{"start":{"line":56,"column":11},"end":{"line":58,"column":5}},{"start":{},"end":{}}],"line":56},"11":{"loc":{"start":{"line":56,"column":15},"end":{"line":56,"column":53}},"type":"binary-expr","locations":[{"start":{"line":56,"column":15},"end":{"line":56,"column":33}},{"start":{"line":56,"column":37},"end":{"line":56,"column":53}}],"line":56}},"s":{"0":4,"1":2,"2":2,"3":4,"4":2,"5":2,"6":8,"7":2,"8":6,"9":1,"10":5,"11":2,"12":3,"13":3,"14":7,"15":4,"16":3,"17":1,"18":2,"19":2,"20":1},"f":{"0":4,"1":4,"2":8,"3":7},"b":{"0":[2,2],"1":[2,2],"2":[2,6],"3":[1,5],"4":[2,3],"5":[5,4],"6":[3,0],"7":[4,3],"8":[7,6,5,4],"9":[1,2],"10":[2,0],"11":[2,1]},"_coverageSchema":"1a1c01bbd47fc00a2c39e90264f33305004495a9","hash":"3c1aba4d62558868301c98f5560b6383bf193d8d"}
,"/Users/latti/Desktop/Codeboxx/RocketElevatorsDigitalPresence/JSexercises/Basic_JS_Exercises/practice/04_variables.js": {"path":"/Users/latti/Desktop/Codeboxx/RocketElevatorsDigitalPresence/JSexercises/Basic_JS_Exercises/practice/04_variables.js","statementMap":{"0":{"start":{"line":2,"column":13},"end":{"line":2,"column":14}},"1":{"start":{"line":7,"column":1},"end":{"line":7,"column":13}},"2":{"start":{"line":16,"column":17},"end":{"line":16,"column":23}},"3":{"start":{"line":17,"column":4},"end":{"line":17,"column":16}},"4":{"start":{"line":29,"column":16},"end":{"line":29,"column":27}},"5":{"start":{"line":40,"column":0},"end":{"line":40,"column":45}}},"fnMap":{"0":{"name":"getName","decl":{"start":{"line":15,"column":9},"end":{"line":15,"column":16}},"loc":{"start":{"line":15,"column":18},"end":{"line":18,"column":1}},"line":15}},"branchMap":{},"s":{"0":1,"1":1,"2":1,"3":1,"4":1,"5":1},"f":{"0":1},"b":{},"_coverageSchema":"1a1c01bbd47fc00a2c39e90264f33305004495a9","hash":"2d329b1f8918e58e789b6f34171f3726df95c894"}
,"/Users/latti/Desktop/Codeboxx/RocketElevatorsDigitalPresence/JSexercises/Basic_JS_Exercises/practice/05_arrays_and_loops.js": {"path":"/Users/latti/Desktop/Codeboxx/RocketElevatorsDigitalPresence/JSexercises/Basic_JS_Exercises/practice/05_arrays_and_loops.js","statementMap":{"0":{"start":{"line":7,"column":4},"end":{"line":7,"column":18}},"1":{"start":{"line":15,"column":4},"end":{"line":15,"column":22}},"2":{"start":{"line":24,"column":5},"end":{"line":24,"column":32}},"3":{"start":{"line":32,"column":14},"end":{"line":32,"column":15}},"4":{"start":{"line":33,"column":4},"end":{"line":35,"column":5}},"5":{"start":{"line":33,"column":17},"end":{"line":33,"column":18}},"6":{"start":{"line":34,"column":8},"end":{"line":34,"column":22}},"7":{"start":{"line":36,"column":4},"end":{"line":36,"column":15}},"8":{"start":{"line":44,"column":18},"end":{"line":44,"column":24}},"9":{"start":{"line":45,"column":4},"end":{"line":49,"column":5}},"10":{"start":{"line":45,"column":17},"end":{"line":45,"column":18}},"11":{"start":{"line":46,"column":8},"end":{"line":48,"column":9}},"12":{"start":{"line":47,"column":12},"end":{"line":47,"column":29}},"13":{"start":{"line":50,"column":4},"end":{"line":50,"column":19}},"14":{"start":{"line":58,"column":14},"end":{"line":58,"column":15}},"15":{"start":{"line":59,"column":4},"end":{"line":61,"column":7}},"16":{"start":{"line":60,"column":8},"end":{"line":60,"column":19}},"17":{"start":{"line":62,"column":4},"end":{"line":62,"column":15}},"18":{"start":{"line":70,"column":18},"end":{"line":70,"column":24}},"19":{"start":{"line":71,"column":4},"end":{"line":75,"column":7}},"20":{"start":{"line":72,"column":8},"end":{"line":74,"column":9}},"21":{"start":{"line":73,"column":12},"end":{"line":73,"column":26}},"22":{"start":{"line":76,"column":4},"end":{"line":76,"column":19}},"23":{"start":{"line":84,"column":14},"end":{"line":84,"column":15}},"24":{"start":{"line":85,"column":12},"end":{"line":85,"column":13}},"25":{"start":{"line":86,"column":4},"end":{"line":89,"column":5}},"26":{"start":{"line":87,"column":8},"end":{"line":87,"column":22}},"27":{"start":{"line":88,"column":8},"end":{"line":88,"column":12}},"28":{"start":{"line":90,"column":4},"end":{"line":90,"column":15}},"29":{"start":{"line":98,"column":18},"end":{"line":98,"column":24}},"30":{"start":{"line":99,"column":12},"end":{"line":99,"column":13}},"31":{"start":{"line":100,"column":4},"end":{"line":105,"column":5}},"32":{"start":{"line":101,"column":8},"end":{"line":103,"column":9}},"33":{"start":{"line":102,"column":12},"end":{"line":102,"column":29}},"34":{"start":{"line":104,"column":8},"end":{"line":104,"column":12}},"35":{"start":{"line":106,"column":4},"end":{"line":106,"column":19}},"36":{"start":{"line":110,"column":0},"end":{"line":110,"column":135}}},"fnMap":{"0":{"name":"first","decl":{"start":{"line":6,"column":9},"end":{"line":6,"column":14}},"loc":{"start":{"line":6,"column":19},"end":{"line":9,"column":1}},"line":6},"1":{"name":"howMany","decl":{"start":{"line":14,"column":9},"end":{"line":14,"column":16}},"loc":{"start":{"line":14,"column":21},"end":{"line":17,"column":1}},"line":14},"2":{"name":"last","decl":{"start":{"line":23,"column":9},"end":{"line":23,"column":13}},"loc":{"start":{"line":23,"column":18},"end":{"line":26,"column":1}},"line":23},"3":{"name":"forLoopSum","decl":{"start":{"line":31,"column":9},"end":{"line":31,"column":19}},"loc":{"start":{"line":31,"column":24},"end":{"line":38,"column":1}},"line":31},"4":{"name":"forLoopHighest","decl":{"start":{"line":43,"column":9},"end":{"line":43,"column":23}},"loc":{"start":{"line":43,"column":28},"end":{"line":52,"column":1}},"line":43},"5":{"name":"forEachLoopSum","decl":{"start":{"line":57,"column":9},"end":{"line":57,"column":23}},"loc":{"start":{"line":57,"column":28},"end":{"line":64,"column":1}},"line":57},"6":{"name":"(anonymous_6)","decl":{"start":{"line":59,"column":16},"end":{"line":59,"column":17}},"loc":{"start":{"line":59,"column":30},"end":{"line":61,"column":5}},"line":59},"7":{"name":"forEachLoopHighest","decl":{"start":{"line":69,"column":9},"end":{"line":69,"column":27}},"loc":{"start":{"line":69,"column":32},"end":{"line":78,"column":1}},"line":69},"8":{"name":"(anonymous_8)","decl":{"start":{"line":71,"column":16},"end":{"line":71,"column":17}},"loc":{"start":{"line":71,"column":30},"end":{"line":75,"column":5}},"line":71},"9":{"name":"whileLoopSum","decl":{"start":{"line":83,"column":9},"end":{"line":83,"column":21}},"loc":{"start":{"line":83,"column":27},"end":{"line":92,"column":1}},"line":83},"10":{"name":"whileLoopHighest","decl":{"start":{"line":97,"column":9},"end":{"line":97,"column":25}},"loc":{"start":{"line":97,"column":30},"end":{"line":107,"column":1}},"line":97}},"branchMap":{"0":{"loc":{"start":{"line":46,"column":8},"end":{"line":48,"column":9}},"type":"if","locations":[{"start":{"line":46,"column":8},"end":{"line":48,"column":9}},{"start":{},"end":{}}],"line":46},"1":{"loc":{"start":{"line":72,"column":8},"end":{"line":74,"column":9}},"type":"if","locations":[{"start":{"line":72,"column":8},"end":{"line":74,"column":9}},{"start":{},"end":{}}],"line":72},"2":{"loc":{"start":{"line":101,"column":8},"end":{"line":103,"column":9}},"type":"if","locations":[{"start":{"line":101,"column":8},"end":{"line":103,"column":9}},{"start":{},"end":{}}],"line":101}},"s":{"0":3,"1":3,"2":3,"3":2,"4":2,"5":2,"6":15,"7":2,"8":2,"9":2,"10":2,"11":13,"12":5,"13":2,"14":2,"15":2,"16":15,"17":2,"18":2,"19":2,"20":15,"21":5,"22":2,"23":2,"24":2,"25":2,"26":15,"27":15,"28":2,"29":2,"30":2,"31":2,"32":13,"33":5,"34":13,"35":2,"36":1},"f":{"0":3,"1":3,"2":3,"3":2,"4":2,"5":2,"6":15,"7":2,"8":15,"9":2,"10":2},"b":{"0":[5,8],"1":[5,10],"2":[5,8]},"_coverageSchema":"1a1c01bbd47fc00a2c39e90264f33305004495a9","hash":"e05c1bbd5fab894504fafc93c5d7d7c6ccd78b9c"}
}
