TN:
SF:practice/01_return.js
FN:4,hello
FN:10,sum
FN:17,helloPerson
FN:24,minus
FN:31,divide
FNF:5
FNH:5
FNDA:1,hello
FNDA:2,sum
FNDA:2,helloPerson
FNDA:2,minus
FNDA:2,divide
DA:5,1
DA:11,2
DA:12,2
DA:18,2
DA:19,2
DA:25,2
DA:26,2
DA:32,2
DA:33,2
DA:37,1
LF:10
LH:10
BRF:0
BRH:0
end_of_record
TN:
SF:practice/02_function_parameters.js
FN:4,double
FN:10,multiply
FN:16,shout
FN:22,first
FNF:4
FNH:4
FNDA:3,double
FNDA:3,multiply
FNDA:2,shout
FNDA:2,first
DA:5,3
DA:11,3
DA:17,2
DA:23,2
DA:28,1
LF:5
LH:5
BRF:0
BRH:0
end_of_record
TN:
SF:practice/03_if_statements.js
FN:7,canDrink
FN:20,canVote
FN:34,canDrive
FN:51,week
FNF:4
FNH:4
FNDA:4,canDrink
FNDA:4,canVote
FNDA:8,canDrive
FNDA:7,week
DA:8,4
DA:9,2
DA:12,2
DA:21,4
DA:22,2
DA:24,2
DA:35,8
DA:36,2
DA:37,6
DA:38,1
DA:39,5
DA:40,2
DA:41,3
DA:42,3
DA:52,7
DA:53,4
DA:54,3
DA:55,1
DA:56,2
DA:57,2
DA:65,1
LF:21
LH:21
BRDA:8,0,0,2
BRDA:8,0,1,2
BRDA:21,1,0,2
BRDA:21,1,1,2
BRDA:35,2,0,2
BRDA:35,2,1,6
BRDA:37,3,0,1
BRDA:37,3,1,5
BRDA:39,4,0,2
BRDA:39,4,1,3
BRDA:39,5,0,5
BRDA:39,5,1,4
BRDA:41,6,0,3
BRDA:41,6,1,0
BRDA:52,7,0,4
BRDA:52,7,1,3
BRDA:52,8,0,7
BRDA:52,8,1,6
BRDA:52,8,2,5
BRDA:52,8,3,4
BRDA:54,9,0,1
BRDA:54,9,1,2
BRDA:56,10,0,2
BRDA:56,10,1,0
BRDA:56,11,0,2
BRDA:56,11,1,1
BRF:26
BRH:24
end_of_record
TN:
SF:practice/04_variables.js
FN:15,getName
FNF:1
FNH:1
FNDA:1,getName
DA:2,1
DA:7,1
DA:16,1
DA:17,1
DA:29,1
DA:40,1
LF:6
LH:6
BRF:0
BRH:0
end_of_record
TN:
SF:practice/05_arrays_and_loops.js
FN:6,first
FN:14,howMany
FN:23,last
FN:31,forLoopSum
FN:43,forLoopHighest
FN:57,forEachLoopSum
FN:59,(anonymous_6)
FN:69,forEachLoopHighest
FN:71,(anonymous_8)
FN:83,whileLoopSum
FN:97,whileLoopHighest
FNF:11
FNH:11
FNDA:3,first
FNDA:3,howMany
FNDA:3,last
FNDA:2,forLoopSum
FNDA:2,forLoopHighest
FNDA:2,forEachLoopSum
FNDA:15,(anonymous_6)
FNDA:2,forEachLoopHighest
FNDA:15,(anonymous_8)
FNDA:2,whileLoopSum
FNDA:2,whileLoopHighest
DA:7,3
DA:15,3
DA:24,3
DA:32,2
DA:33,2
DA:34,15
DA:36,2
DA:44,2
DA:45,2
DA:46,13
DA:47,5
DA:50,2
DA:58,2
DA:59,2
DA:60,15
DA:62,2
DA:70,2
DA:71,2
DA:72,15
DA:73,5
DA:76,2
DA:84,2
DA:85,2
DA:86,2
DA:87,15
DA:88,15
DA:90,2
DA:98,2
DA:99,2
DA:100,2
DA:101,13
DA:102,5
DA:104,13
DA:106,2
DA:110,1
LF:35
LH:35
BRDA:46,0,0,5
BRDA:46,0,1,8
BRDA:72,1,0,5
BRDA:72,1,1,10
BRDA:101,2,0,5
BRDA:101,2,1,8
BRF:6
BRH:6
end_of_record
